<?xml version="1.0" encoding="UTF-8"?>
<!-- Generated by org.testng.reporters.JUnitXMLReporter -->
<testsuite ignored="2" hostname="SMGMacPro2023045.local" failures="1" tests="2" name="Test" time="37.174" errors="0" timestamp="2025-01-21T18:00:38 IST">
  <testcase classname="com.zeroda.Tests.SearchPageTest" name="VerifyNoResultTest" time="8.791">
    <failure type="java.lang.AssertionError" message="expected [No resultsfound] but found [No results found]">
      <![CDATA[java.lang.AssertionError: expected [No resultsfound] but found [No results found]
at com.zeroda.GenericLibrary.Utility.verify(Utility.java:98)
at com.zeroda.Tests.SearchPageTest.VerifyNoResultTest(SearchPageTest.java:30)
at java.base/java.util.ArrayList.forEach(ArrayList.java:1511)
... Removed 33 stack frames]]>
    </failure>
  </testcase> <!-- VerifyNoResultTest -->
  <testcase classname="com.zeroda.Tests.LoginPageTest" name="VerifyLoginPageHeader" time="8.605"/>
  <testcase classname="com.zeroda.GenericLibrary.Base" name="@BeforeTest setupCapabilities" time="0.0">
    <ignored/>
  </testcase> <!-- @BeforeTest setupCapabilities -->
  <testcase classname="com.zeroda.GenericLibrary.Base" name="@AfterTest teardown" time="0.0">
    <ignored/>
  </testcase> <!-- @AfterTest teardown -->
</testsuite> <!-- Test -->
