<?xml version="1.0" encoding="UTF-8"?>
<testng-results ignored="0" total="2" passed="1" failed="1" skipped="0">
  <reporter-output>
  </reporter-output>
  <suite started-at="2025-01-21T18:00:01 IST" name="Suite" finished-at="2025-01-21T18:00:38 IST" duration-ms="37174">
    <groups>
    </groups>
    <test started-at="2025-01-21T18:00:01 IST" name="Test" finished-at="2025-01-21T18:00:38 IST" duration-ms="37174">
      <class name="com.zeroda.Tests.LoginPageTest">
        <test-method is-config="true" signature="setupDriver(org.testng.ITestContext)[pri:0, instance:com.zeroda.Tests.LoginPageTest@7fb4f2a9]" started-at="2025-01-21T18:00:20 IST" name="setupDriver" finished-at="2025-01-21T18:00:29 IST" duration-ms="8501" status="PASS">
          <params>
            <param index="0">
              <value>
                <![CDATA[org.testng.TestRunner@724c5cbe]]>
              </value>
            </param>
          </params>
          <reporter-output>
          </reporter-output>
        </test-method> <!-- setupDriver -->
        <test-method is-config="true" signature="beforeMethod(org.testng.ITestResult)[pri:0, instance:com.zeroda.Tests.LoginPageTest@7fb4f2a9]" started-at="2025-01-21T18:00:29 IST" name="beforeMethod" finished-at="2025-01-21T18:00:29 IST" duration-ms="148" status="PASS">
          <params>
            <param index="0">
              <value>
                <![CDATA[[TestResult name={null} status=CREATED method=LoginPageTest.VerifyLoginPageHeader()[pri:0, instance:com.zeroda.Tests.LoginPageTest@7fb4f2a9] output={null}]]]>
              </value>
            </param>
          </params>
          <reporter-output>
          </reporter-output>
        </test-method> <!-- beforeMethod -->
        <test-method signature="VerifyLoginPageHeader()[pri:0, instance:com.zeroda.Tests.LoginPageTest@7fb4f2a9]" started-at="2025-01-21T18:00:29 IST" name="VerifyLoginPageHeader" finished-at="2025-01-21T18:00:38 IST" duration-ms="8605" status="PASS">
          <reporter-output>
          </reporter-output>
        </test-method> <!-- VerifyLoginPageHeader -->
        <test-method is-config="true" signature="afterMethod()[pri:0, instance:com.zeroda.Tests.LoginPageTest@7fb4f2a9]" started-at="2025-01-21T18:00:38 IST" name="afterMethod" finished-at="2025-01-21T18:00:38 IST" duration-ms="0" status="PASS">
          <reporter-output>
          </reporter-output>
        </test-method> <!-- afterMethod -->
        <test-method is-config="true" signature="tearDownDriver(org.testng.ITestContext)[pri:0, instance:com.zeroda.Tests.LoginPageTest@7fb4f2a9]" started-at="2025-01-21T18:00:38 IST" name="tearDownDriver" finished-at="2025-01-21T18:00:38 IST" duration-ms="440" status="PASS">
          <params>
            <param index="0">
              <value>
                <![CDATA[org.testng.TestRunner@724c5cbe]]>
              </value>
            </param>
          </params>
          <reporter-output>
          </reporter-output>
        </test-method> <!-- tearDownDriver -->
      </class> <!-- com.zeroda.Tests.LoginPageTest -->
      <class name="com.zeroda.Tests.SearchPageTest">
        <test-method is-config="true" signature="setupCapabilities(org.testng.ITestContext)[pri:0, instance:com.zeroda.Tests.SearchPageTest@5c86a017]" started-at="2025-01-21T18:00:01 IST" name="setupCapabilities" finished-at="2025-01-21T18:00:01 IST" duration-ms="7" status="PASS">
          <params>
            <param index="0">
              <value>
                <![CDATA[org.testng.TestRunner@724c5cbe]]>
              </value>
            </param>
          </params>
          <reporter-output>
          </reporter-output>
        </test-method> <!-- setupCapabilities -->
        <test-method is-config="true" signature="setupDriver(org.testng.ITestContext)[pri:0, instance:com.zeroda.Tests.SearchPageTest@5c86a017]" started-at="2025-01-21T18:00:01 IST" name="setupDriver" finished-at="2025-01-21T18:00:11 IST" duration-ms="9871" status="PASS">
          <params>
            <param index="0">
              <value>
                <![CDATA[org.testng.TestRunner@724c5cbe]]>
              </value>
            </param>
          </params>
          <reporter-output>
          </reporter-output>
        </test-method> <!-- setupDriver -->
        <test-method is-config="true" signature="beforeMethod(org.testng.ITestResult)[pri:0, instance:com.zeroda.Tests.SearchPageTest@5c86a017]" started-at="2025-01-21T18:00:11 IST" name="beforeMethod" finished-at="2025-01-21T18:00:11 IST" duration-ms="169" status="PASS">
          <params>
            <param index="0">
              <value>
                <![CDATA[[TestResult name={null} status=CREATED method=SearchPageTest.VerifyNoResultTest()[pri:0, instance:com.zeroda.Tests.SearchPageTest@5c86a017] output={null}]]]>
              </value>
            </param>
          </params>
          <reporter-output>
          </reporter-output>
        </test-method> <!-- beforeMethod -->
        <test-method signature="VerifyNoResultTest()[pri:0, instance:com.zeroda.Tests.SearchPageTest@5c86a017]" started-at="2025-01-21T18:00:11 IST" name="VerifyNoResultTest" finished-at="2025-01-21T18:00:20 IST" duration-ms="8791" status="FAIL">
          <exception class="java.lang.AssertionError">
            <message>
              <![CDATA[expected [No resultsfound] but found [No results found]]]>
            </message>
            <full-stacktrace>
              <![CDATA[java.lang.AssertionError: expected [No resultsfound] but found [No results found]
at org.testng.Assert.fail(Assert.java:111)
at org.testng.Assert.failNotEquals(Assert.java:1578)
at org.testng.Assert.assertEqualsImpl(Assert.java:150)
at org.testng.Assert.assertEquals(Assert.java:132)
at org.testng.Assert.assertEquals(Assert.java:656)
at org.testng.Assert.assertEquals(Assert.java:666)
at com.zeroda.GenericLibrary.Utility.verify(Utility.java:98)
at com.zeroda.Tests.SearchPageTest.VerifyNoResultTest(SearchPageTest.java:30)
at java.base/jdk.internal.reflect.NativeMethodAccessorImpl.invoke0(Native Method)
at java.base/jdk.internal.reflect.NativeMethodAccessorImpl.invoke(NativeMethodAccessorImpl.java:77)
at java.base/jdk.internal.reflect.DelegatingMethodAccessorImpl.invoke(DelegatingMethodAccessorImpl.java:43)
at java.base/java.lang.reflect.Method.invoke(Method.java:568)
at org.testng.internal.invokers.MethodInvocationHelper.invokeMethod(MethodInvocationHelper.java:141)
at org.testng.internal.invokers.TestInvoker.invokeMethod(TestInvoker.java:686)
at org.testng.internal.invokers.TestInvoker.invokeTestMethod(TestInvoker.java:230)
at org.testng.internal.invokers.MethodRunner.runInSequence(MethodRunner.java:63)
at org.testng.internal.invokers.TestInvoker$MethodInvocationAgent.invoke(TestInvoker.java:992)
at org.testng.internal.invokers.TestInvoker.invokeTestMethods(TestInvoker.java:203)
at org.testng.internal.invokers.TestMethodWorker.invokeTestMethods(TestMethodWorker.java:154)
at org.testng.internal.invokers.TestMethodWorker.run(TestMethodWorker.java:134)
at java.base/java.util.ArrayList.forEach(ArrayList.java:1511)
at org.testng.TestRunner.privateRun(TestRunner.java:739)
at org.testng.TestRunner.run(TestRunner.java:614)
at org.testng.SuiteRunner.runTest(SuiteRunner.java:421)
at org.testng.SuiteRunner.runSequentially(SuiteRunner.java:413)
at org.testng.SuiteRunner.privateRun(SuiteRunner.java:373)
at org.testng.SuiteRunner.run(SuiteRunner.java:312)
at org.testng.SuiteRunnerWorker.runSuite(SuiteRunnerWorker.java:52)
at org.testng.SuiteRunnerWorker.run(SuiteRunnerWorker.java:95)
at org.testng.TestNG.runSuitesSequentially(TestNG.java:1274)
at org.testng.TestNG.runSuitesLocally(TestNG.java:1208)
at org.testng.TestNG.runSuites(TestNG.java:1112)
at org.testng.TestNG.run(TestNG.java:1079)
at org.testng.remote.AbstractRemoteTestNG.run(AbstractRemoteTestNG.java:115)
at org.testng.remote.RemoteTestNG.initAndRun(RemoteTestNG.java:293)
at org.testng.remote.RemoteTestNG.main(RemoteTestNG.java:91)
]]>
            </full-stacktrace>
          </exception> <!-- java.lang.AssertionError -->
          <reporter-output>
          </reporter-output>
        </test-method> <!-- VerifyNoResultTest -->
        <test-method is-config="true" signature="afterMethod()[pri:0, instance:com.zeroda.Tests.SearchPageTest@5c86a017]" started-at="2025-01-21T18:00:20 IST" name="afterMethod" finished-at="2025-01-21T18:00:20 IST" duration-ms="1" status="PASS">
          <reporter-output>
          </reporter-output>
        </test-method> <!-- afterMethod -->
        <test-method is-config="true" signature="tearDownDriver(org.testng.ITestContext)[pri:0, instance:com.zeroda.Tests.SearchPageTest@5c86a017]" started-at="2025-01-21T18:00:20 IST" name="tearDownDriver" finished-at="2025-01-21T18:00:20 IST" duration-ms="422" status="PASS">
          <params>
            <param index="0">
              <value>
                <![CDATA[org.testng.TestRunner@724c5cbe]]>
              </value>
            </param>
          </params>
          <reporter-output>
          </reporter-output>
        </test-method> <!-- tearDownDriver -->
        <test-method is-config="true" signature="teardown()[pri:0, instance:com.zeroda.Tests.SearchPageTest@5c86a017]" started-at="2025-01-21T18:00:38 IST" name="teardown" finished-at="2025-01-21T18:00:38 IST" duration-ms="1" status="PASS">
          <reporter-output>
          </reporter-output>
        </test-method> <!-- teardown -->
      </class> <!-- com.zeroda.Tests.SearchPageTest -->
    </test> <!-- Test -->
  </suite> <!-- Suite -->
</testng-results>
